Started GET "/game/ping" for 127.0.0.1 at 2018-04-18 22:18:46 +0200
Processing by GameController#ping as HTML
  Rendering game/ping.html.erb within layouts/application
  Rendered game/ping.html.erb within layouts/application (1.9ms)
Completed 200 OK in 1806ms (Views: 1793.2ms | ActiveRecord: 0.0ms)


Started GET "/" for 127.0.0.1 at 2018-04-18 22:20:21 +0200
Processing by Rails::WelcomeController#index as HTML
  Rendering /home/melodie/.rbenv/versions/2.5.1/lib/ruby/gems/2.5.0/gems/railties-5.2.0/lib/rails/templates/rails/welcome/index.html.erb
  Rendered /home/melodie/.rbenv/versions/2.5.1/lib/ruby/gems/2.5.0/gems/railties-5.2.0/lib/rails/templates/rails/welcome/index.html.erb (2.5ms)
Completed 200 OK in 42ms (Views: 13.5ms | ActiveRecord: 0.0ms)


Started GET "/game/ping" for 127.0.0.1 at 2018-04-18 22:20:34 +0200
Processing by GameController#ping as HTML
  Rendering game/ping.html.erb within layouts/application
  Rendered game/ping.html.erb within layouts/application (0.4ms)
Completed 200 OK in 172ms (Views: 171.0ms | ActiveRecord: 0.0ms)


Started GET "/game/ping" for 127.0.0.1 at 2018-04-18 22:27:28 +0200
Processing by GameController#ping as HTML
  Rendering game/ping.html.erb within layouts/application
  Rendered game/ping.html.erb within layouts/application (3.0ms)
Completed 200 OK in 452ms (Views: 382.6ms | ActiveRecord: 0.0ms)


Started GET "/game/ping" for 127.0.0.1 at 2018-04-18 23:39:31 +0200
Processing by GameController#ping as HTML
  Rendering game/ping.html.erb within layouts/application
  Rendered game/ping.html.erb within layouts/application (13.7ms)
Completed 200 OK in 369ms (Views: 360.1ms | ActiveRecord: 0.0ms)


Started GET "/game/ping" for 127.0.0.1 at 2018-04-18 23:41:44 +0200
Processing by GameController#ping as HTML
  Rendering game/ping.html.erb within layouts/application
  Rendered game/ping.html.erb within layouts/application (0.9ms)
Completed 200 OK in 244ms (Views: 235.5ms | ActiveRecord: 0.0ms)


Started GET "/game/ping" for 127.0.0.1 at 2018-04-18 23:42:29 +0200
Processing by GameController#ping as HTML
  Rendering game/ping.html.erb within layouts/application
  Rendered game/ping.html.erb within layouts/application (0.4ms)
Completed 200 OK in 17ms (Views: 16.4ms | ActiveRecord: 0.0ms)


Started GET "/game/ping" for 127.0.0.1 at 2018-04-18 23:43:25 +0200
Processing by GameController#ping as HTML
  Rendering game/ping.html.erb within layouts/application
  Rendered game/ping.html.erb within layouts/application (0.4ms)
Completed 200 OK in 35ms (Views: 32.7ms | ActiveRecord: 0.0ms)


Started GET "/game/ping" for 127.0.0.1 at 2018-04-18 23:45:52 +0200
Processing by GameController#ping as HTML
  Rendering game/ping.html.erb within layouts/application
  Rendered game/ping.html.erb within layouts/application (0.5ms)
Completed 200 OK in 26ms (Views: 24.7ms | ActiveRecord: 0.0ms)


Started GET "/game/ping" for 127.0.0.1 at 2018-04-18 23:46:47 +0200
Processing by GameController#ping as HTML
  Rendering game/ping.html.erb within layouts/application
  Rendered game/ping.html.erb within layouts/application (0.5ms)
Completed 500 Internal Server Error in 47ms (ActiveRecord: 0.0ms)


  
ActionView::Template::Error (wrong number of arguments (given 0, expected 1)):
    13:     <%= yield %>
    14: <p>
    15:   <b>Rating:</b> <%= render_stars(5) %>
    16:   <%= debug render_stars %>
    17: </p>
    18: 
    19:   </body>
  
app/helpers/application_helper.rb:2:in `render_stars'
app/views/layouts/application.html.erb:16:in `_app_views_layouts_application_html_erb__3557833569961915287_70138057492080'
Started GET "/game/ping" for 127.0.0.1 at 2018-04-18 23:48:37 +0200
Processing by GameController#ping as HTML
  Rendering game/ping.html.erb within layouts/application
  Rendered game/ping.html.erb within layouts/application (1.2ms)
Completed 200 OK in 23ms (Views: 21.2ms | ActiveRecord: 0.0ms)


Started GET "/game/ping" for 127.0.0.1 at 2018-04-18 23:50:07 +0200
Processing by GameController#ping as HTML
  Rendering game/ping.html.erb within layouts/application
  Rendered game/ping.html.erb within layouts/application (0.4ms)
Completed 200 OK in 23ms (Views: 21.7ms | ActiveRecord: 0.0ms)


Started GET "/game/ping" for 127.0.0.1 at 2018-04-18 23:51:40 +0200
Processing by GameController#ping as HTML
  Rendering game/ping.html.erb within layouts/application
  Rendered game/ping.html.erb within layouts/application (1.6ms)
Completed 500 Internal Server Error in 5ms (ActiveRecord: 0.0ms)


  
ActionView::Template::Error (wrong number of arguments (given 0, expected 1)):
    1: <% helper render_stars %>
    2: <p>
    3: 	<b>Rating:</b> <%= render_stars(5) %>
    4: </p>
  
app/helpers/application_helper.rb:2:in `render_stars'
app/views/game/ping.html.erb:1:in `_app_views_game_ping_html_erb__2968769218883854377_70138124634140'
Started GET "/game/ping" for 127.0.0.1 at 2018-04-18 23:52:51 +0200
Processing by GameController#ping as HTML
  Rendering game/ping.html.erb within layouts/application
  Rendered game/ping.html.erb within layouts/application (1.5ms)
Completed 500 Internal Server Error in 5ms (ActiveRecord: 0.0ms)


  
ActionView::Template::Error (String can't be coerced into Integer):
    1: <p>
    2: 	<b>Rating:</b> <%= render_stars(5) %>
    3: </p>
  
app/helpers/application_helper.rb:4:in `*'
app/helpers/application_helper.rb:4:in `render_stars'
app/views/game/ping.html.erb:2:in `_app_views_game_ping_html_erb__2968769218883854377_70138231147200'
Started GET "/game/ping" for 127.0.0.1 at 2018-04-18 23:53:34 +0200
Processing by GameController#ping as HTML
  Rendering game/ping.html.erb within layouts/application
  Rendered game/ping.html.erb within layouts/application (0.4ms)
Completed 200 OK in 25ms (Views: 23.6ms | ActiveRecord: 0.0ms)


Started GET "/game/ping" for 127.0.0.1 at 2018-04-18 23:53:53 +0200
Processing by GameController#ping as HTML
  Rendering game/ping.html.erb within layouts/application
  Rendered game/ping.html.erb within layouts/application (0.5ms)
Completed 200 OK in 20ms (Views: 19.2ms | ActiveRecord: 0.0ms)


Started GET "/game/ping" for 127.0.0.1 at 2018-04-18 23:54:10 +0200
Processing by GameController#ping as HTML
  Rendering game/ping.html.erb within layouts/application
  Rendered game/ping.html.erb within layouts/application (0.5ms)
Completed 200 OK in 36ms (Views: 35.2ms | ActiveRecord: 0.0ms)


